<?xml version="1.0" encoding="UTF-8"?>
<!-- Generated by org.testng.reporters.JUnitReportReporter -->
<testsuite hostname="LAPTOP-AO9I7DE6" failures="0" tests="3" name="com.entrata.testcases.logiToEntrata" time="16.229" errors="0" timestamp="2024-10-01T10:18:00 IST" skipped="0">
  <testcase classname="com.entrata.testcases.logiToEntrata" name="loginTestCase" time="15.891"/>
  <testcase classname="com.entrata.testcases.logiToEntrata" name="verifypageTitle" time="0.054"/>
  <testcase classname="com.entrata.testcases.logiToEntrata" name="verifySolutionDropdown" time="0.284"/>
</testsuite> <!-- com.entrata.testcases.logiToEntrata -->
